# JRE version: Java(TM) SE Runtime Environment (8.0_60-b27) (build 1.8.0_60-b27)
# Java VM: Java HotSpot(TM) 64-Bit Server VM (25.60-b23 mixed mode windows-amd64 compressed oops)
Heap:
 PSYoungGen      total 95744K, used 7053K [0x0000000755a00000, 0x0000000761500000, 0x00000007c0000000)
  eden space 82432K, 8% used [0x0000000755a00000,0x00000007560e3448,0x000000075aa80000)
  from space 13312K, 0% used [0x000000075b780000,0x000000075b780000,0x000000075c480000)
  to   space 13312K, 0% used [0x000000075aa80000,0x000000075aa80000,0x000000075b780000)
 ParOldGen       total 154112K, used 13611K [0x0000000680e00000, 0x000000068a480000, 0x0000000755a00000)
  object space 154112K, 8% used [0x0000000680e00000,0x0000000681b4acc8,0x000000068a480000)
 Metaspace       used 21245K, capacity 21454K, committed 21760K, reserved 1067008K
  class space    used 3768K, capacity 3822K, committed 3840K, reserved 1048576K
GC Heap History (6 events):
Event: 0.902 GC heap before
{Heap before GC invocations=1 (full 0):
 PSYoungGen      total 95744K, used 82432K [0x0000000755a00000, 0x000000075c480000, 0x00000007c0000000)
  eden space 82432K, 100% used [0x0000000755a00000,0x000000075aa80000,0x000000075aa80000)
  from space 13312K, 0% used [0x000000075b780000,0x000000075b780000,0x000000075c480000)
  to   space 13312K, 0% used [0x000000075aa80000,0x000000075aa80000,0x000000075b780000)
 ParOldGen       total 218624K, used 0K [0x0000000680e00000, 0x000000068e380000, 0x0000000755a00000)
  object space 218624K, 0% used [0x0000000680e00000,0x0000000680e00000,0x000000068e380000)
 Metaspace       used 14474K, capacity 14572K, committed 14848K, reserved 1060864K
  class space    used 2483K, capacity 2522K, committed 2560K, reserved 1048576K
Event: 0.909 GC heap after
Heap after GC invocations=1 (full 0):
 PSYoungGen      total 95744K, used 10367K [0x0000000755a00000, 0x000000075c480000, 0x00000007c0000000)
  eden space 82432K, 0% used [0x0000000755a00000,0x0000000755a00000,0x000000075aa80000)
  from space 13312K, 77% used [0x000000075aa80000,0x000000075b49fca0,0x000000075b780000)
  to   space 13312K, 0% used [0x000000075b780000,0x000000075b780000,0x000000075c480000)
 ParOldGen       total 218624K, used 80K [0x0000000680e00000, 0x000000068e380000, 0x0000000755a00000)
  object space 218624K, 0% used [0x0000000680e00000,0x0000000680e14010,0x000000068e380000)
 Metaspace       used 14474K, capacity 14572K, committed 14848K, reserved 1060864K
  class space    used 2483K, capacity 2522K, committed 2560K, reserved 1048576K
}
Event: 1.585 GC heap before
{Heap before GC invocations=2 (full 0):
 PSYoungGen      total 95744K, used 82460K [0x0000000755a00000, 0x000000075c480000, 0x00000007c0000000)
  eden space 82432K, 87% used [0x0000000755a00000,0x000000075a067668,0x000000075aa80000)
  from space 13312K, 77% used [0x000000075aa80000,0x000000075b49fca0,0x000000075b780000)
  to   space 13312K, 0% used [0x000000075b780000,0x000000075b780000,0x000000075c480000)
 ParOldGen       total 218624K, used 80K [0x0000000680e00000, 0x000000068e380000, 0x0000000755a00000)
  object space 218624K, 0% used [0x0000000680e00000,0x0000000680e14010,0x000000068e380000)
 Metaspace       used 20967K, capacity 21128K, committed 21248K, reserved 1067008K
  class space    used 3755K, capacity 3821K, committed 3840K, reserved 1048576K
Event: 1.595 GC heap after
Heap after GC invocations=2 (full 0):
 PSYoungGen      total 95744K, used 13290K [0x0000000755a00000, 0x0000000761500000, 0x00000007c0000000)
  eden space 82432K, 0% used [0x0000000755a00000,0x0000000755a00000,0x000000075aa80000)
  from space 13312K, 99% used [0x000000075b780000,0x000000075c47a910,0x000000075c480000)
  to   space 13312K, 0% used [0x000000075aa80000,0x000000075aa80000,0x000000075b780000)
 ParOldGen       total 218624K, used 736K [0x0000000680e00000, 0x000000068e380000, 0x0000000755a00000)
  object space 218624K, 0% used [0x0000000680e00000,0x0000000680eb8368,0x000000068e380000)
 Metaspace       used 20967K, capacity 21128K, committed 21248K, reserved 1067008K
  class space    used 3755K, capacity 3821K, committed 3840K, reserved 1048576K
}
Event: 1.595 GC heap before
{Heap before GC invocations=3 (full 1):
 PSYoungGen      total 95744K, used 13290K [0x0000000755a00000, 0x0000000761500000, 0x00000007c0000000)
  eden space 82432K, 0% used [0x0000000755a00000,0x0000000755a00000,0x000000075aa80000)
  from space 13312K, 99% used [0x000000075b780000,0x000000075c47a910,0x000000075c480000)
  to   space 13312K, 0% used [0x000000075aa80000,0x000000075aa80000,0x000000075b780000)
 ParOldGen       total 218624K, used 736K [0x0000000680e00000, 0x000000068e380000, 0x0000000755a00000)
  object space 218624K, 0% used [0x0000000680e00000,0x0000000680eb8368,0x000000068e380000)
 Metaspace       used 20967K, capacity 21128K, committed 21248K, reserved 1067008K
  class space    used 3755K, capacity 3821K, committed 3840K, reserved 1048576K
Event: 1.633 GC heap after
Heap after GC invocations=3 (full 1):
 PSYoungGen      total 95744K, used 0K [0x0000000755a00000, 0x0000000761500000, 0x00000007c0000000)
  eden space 82432K, 0% used [0x0000000755a00000,0x0000000755a00000,0x000000075aa80000)
  from space 13312K, 0% used [0x000000075b780000,0x000000075b780000,0x000000075c480000)
  to   space 13312K, 0% used [0x000000075aa80000,0x000000075aa80000,0x000000075b780000)
 ParOldGen       total 154112K, used 13611K [0x0000000680e00000, 0x000000068a480000, 0x0000000755a00000)
  object space 154112K, 8% used [0x0000000680e00000,0x0000000681b4acc8,0x000000068a480000)
 Metaspace       used 20967K, capacity 21128K, committed 21248K, reserved 1067008K
  class space    used 3755K, capacity 3821K, committed 3840K, reserved 1048576K
}

