<?xml version="1.0" encoding="UTF-8"?>
<testng-results skipped="0" failed="0" total="1" passed="1">
  <reporter-output>
  </reporter-output>
  <suite name="Default suite" duration-ms="143987" started-at="2016-07-27T02:46:21Z" finished-at="2016-07-27T02:48:45Z">
    <groups>
    </groups>
    <test name="Default test" duration-ms="143987" started-at="2016-07-27T02:46:21Z" finished-at="2016-07-27T02:48:45Z">
      <class name="net.csthings.antreminder.websoc.WebSocServiceTests">
        <test-method status="PASS" signature="springTestContextBeforeTestClass()[pri:0, instance:net.csthings.antreminder.websoc.WebSocServiceTests@480d3575]" name="springTestContextBeforeTestClass" is-config="true" duration-ms="15" started-at="2016-07-26T19:46:21Z" finished-at="2016-07-26T19:46:21Z">
          <reporter-output>
          </reporter-output>
        </test-method> <!-- springTestContextBeforeTestClass -->
        <test-method status="PASS" signature="springTestContextPrepareTestInstance()[pri:0, instance:net.csthings.antreminder.websoc.WebSocServiceTests@480d3575]" name="springTestContextPrepareTestInstance" is-config="true" duration-ms="8908" started-at="2016-07-26T19:46:21Z" depends-on-methods="org.springframework.test.context.testng.AbstractTestNGSpringContextTests.springTestContextBeforeTestClass" finished-at="2016-07-26T19:46:30Z">
          <reporter-output>
          </reporter-output>
        </test-method> <!-- springTestContextPrepareTestInstance -->
        <test-method status="PASS" signature="springTestContextBeforeTestMethod(java.lang.reflect.Method)[pri:0, instance:net.csthings.antreminder.websoc.WebSocServiceTests@480d3575]" name="springTestContextBeforeTestMethod" is-config="true" duration-ms="1" started-at="2016-07-26T19:46:30Z" finished-at="2016-07-26T19:46:30Z">
          <params>
            <param index="0">
              <value>
                <![CDATA[public void net.csthings.antreminder.websoc.WebSocServiceTests.dataTest()]]>
              </value>
            </param>
          </params>
          <reporter-output>
          </reporter-output>
        </test-method> <!-- springTestContextBeforeTestMethod -->
        <test-method status="PASS" signature="dataTest()[pri:0, instance:net.csthings.antreminder.websoc.WebSocServiceTests@480d3575]" name="dataTest" duration-ms="135045" started-at="2016-07-26T19:46:30Z" finished-at="2016-07-26T19:48:45Z">
          <reporter-output>
          </reporter-output>
        </test-method> <!-- dataTest -->
        <test-method status="PASS" signature="springTestContextAfterTestMethod(java.lang.reflect.Method)[pri:0, instance:net.csthings.antreminder.websoc.WebSocServiceTests@480d3575]" name="springTestContextAfterTestMethod" is-config="true" duration-ms="0" started-at="2016-07-26T19:48:45Z" finished-at="2016-07-26T19:48:45Z">
          <params>
            <param index="0">
              <value>
                <![CDATA[public void net.csthings.antreminder.websoc.WebSocServiceTests.dataTest()]]>
              </value>
            </param>
          </params>
          <reporter-output>
          </reporter-output>
        </test-method> <!-- springTestContextAfterTestMethod -->
        <test-method status="PASS" signature="springTestContextAfterTestClass()[pri:0, instance:net.csthings.antreminder.websoc.WebSocServiceTests@480d3575]" name="springTestContextAfterTestClass" is-config="true" duration-ms="0" started-at="2016-07-26T19:48:45Z" finished-at="2016-07-26T19:48:45Z">
          <reporter-output>
          </reporter-output>
        </test-method> <!-- springTestContextAfterTestClass -->
      </class> <!-- net.csthings.antreminder.websoc.WebSocServiceTests -->
    </test> <!-- Default test -->
  </suite> <!-- Default suite -->
</testng-results>
